[2025-11-03 13:51:04] Request: POST /WEBDEV-main/WEBDEV-main/WEBDEV-main/add_to_cart.php POST:{"product_id":"9","quantity":"1"}
[2025-11-03 13:51:52] Request: POST /WEBDEV-main/WEBDEV-main/WEBDEV-main/add_to_cart.php POST:{"product_id":"8","quantity":"1"}
[2025-11-03 13:53:15] Request: POST /WEBDEV-main/WEBDEV-main/WEBDEV-main/add_to_cart.php POST:{"product_id":"9","quantity":"1"}
[2025-11-03 13:53:32] Request: POST /WEBDEV-main/WEBDEV-main/WEBDEV-main/add_to_cart.php POST:{"product_id":"9","quantity":"1"}
[2025-11-03 13:55:27] Request: POST /WEBDEV-main/WEBDEV-main/WEBDEV-main/add_to_cart.php POST:{"product_id":"7","quantity":"1"}
[2025-11-03 13:55:30] Request: POST /WEBDEV-main/WEBDEV-main/WEBDEV-main/add_to_cart.php POST:{"product_id":"6","quantity":"1"}
[2025-11-03 14:01:06] Request: POST /WEBDEV-main/WEBDEV-main/WEBDEV-main/add_to_cart.php POST:{"product_id":"9","quantity":"1"}
[2025-11-03 14:12:31] Request: POST /WEBDEV-main/WEBDEV-main/WEBDEV-main/add_to_cart.php POST:{"product_id":"5","quantity":"1"}
[2025-11-03 14:17:53] Request: POST /WEBDEV-main/WEBDEV-main/WEBDEV-main/add_to_cart.php POST:{"product_id":"1","quantity":"1"}
[2025-11-03 14:17:53] Request: POST /WEBDEV-main/WEBDEV-main/WEBDEV-main/add_to_cart.php POST:{"product_id":"2","quantity":"1"}
[2025-11-03 14:17:54] Request: POST /WEBDEV-main/WEBDEV-main/WEBDEV-main/add_to_cart.php POST:{"product_id":"3","quantity":"1"}
[2025-11-03 14:23:05] Request: POST /WEBDEV-main/WEBDEV-main/WEBDEV-main/add_to_cart.php POST:{"product_id":"9","quantity":"1"}
[2025-11-03 15:12:48] Request: POST /WEBDEV-main/WEBDEV-main/WEBDEV-main/add_to_cart.php POST:{"product_id":"9","quantity":"1"}
[2025-11-03 15:12:49] Request: POST /WEBDEV-main/WEBDEV-main/WEBDEV-main/add_to_cart.php POST:{"product_id":"8","quantity":"1"}
[2025-11-03 15:12:50] Request: POST /WEBDEV-main/WEBDEV-main/WEBDEV-main/add_to_cart.php POST:{"product_id":"7","quantity":"1"}
[2025-11-04 06:55:18] Request: POST /WEBDEV-main/WEBDEV-main/WEBDEV-main/add_to_cart.php POST:{"product_id":"9","quantity":"1"}
[2025-11-04 06:55:19] Request: POST /WEBDEV-main/WEBDEV-main/WEBDEV-main/add_to_cart.php POST:{"product_id":"8","quantity":"1"}
[2025-11-04 07:35:13] Request: POST /WEBDEV-main/WEBDEV-main/WEBDEV-main/add_to_cart.php POST:{"product_id":"9","quantity":"1"}
[2025-11-04 07:35:20] Request: POST /WEBDEV-main/WEBDEV-main/WEBDEV-main/add_to_cart.php POST:{"product_id":"8","quantity":"1"}
[2025-11-04 07:45:01] Request: POST /WEBDEV-main/WEBDEV-main/WEBDEV-main/add_to_cart.php POST:{"product_id":"9","quantity":"1"}
[2025-11-04 07:45:52] Request: POST /WEBDEV-main/WEBDEV-main/WEBDEV-main/add_to_cart.php POST:{"product_id":"7","quantity":"1"}
[2025-11-04 07:46:11] Request: POST /WEBDEV-main/WEBDEV-main/WEBDEV-main/add_to_cart.php POST:{"product_id":"8","quantity":"1"}
[2025-11-04 07:50:36] Request: POST /WEBDEV-main/WEBDEV-main/WEBDEV-main/add_to_cart.php POST:{"product_id":"9","quantity":"1"}
[2025-11-04 07:50:36] Request: POST /WEBDEV-main/WEBDEV-main/WEBDEV-main/add_to_cart.php POST:{"product_id":"9","quantity":"1"}
[2025-11-04 07:50:37] Request: POST /WEBDEV-main/WEBDEV-main/WEBDEV-main/add_to_cart.php POST:{"product_id":"9","quantity":"1"}
[2025-11-04 07:54:13] Request: POST /WEBDEV-main/WEBDEV-main/WEBDEV-main/add_to_cart.php POST:{"product_id":"9","quantity":"1"}
[2025-11-04 08:14:18] Request: POST /WEBDEV-main/WEBDEV-main/WEBDEV-main/add_to_cart.php POST:{"product_id":"9","quantity":"1"}
[2025-11-04 08:15:03] Request: POST /WEBDEV-main/WEBDEV-main/WEBDEV-main/add_to_cart.php POST:{"product_id":"9","quantity":"1"}
[2025-11-04 08:16:55] Request: POST /WEBDEV-main/WEBDEV-main/WEBDEV-main/add_to_cart.php POST:{"product_id":"9","quantity":"1"}
[2026-01-03 15:12:36] Request: POST /session/add_to_cart.php POST:{"product_id":"7","quantity":"1"}
[2026-01-03 15:19:36] Request: POST /session/add_to_cart.php POST:{"product_id":"8","quantity":"1"}
[2026-01-03 15:19:53] Request: POST /session/add_to_cart.php POST:{"product_id":"8","quantity":"1"}
[2026-01-03 15:20:02] Request: POST /session/add_to_cart.php POST:{"product_id":"8","quantity":"1"}
[2026-01-03 15:20:06] Request: POST /session/add_to_cart.php POST:{"product_id":"7","quantity":"1"}
[2026-01-03 15:22:49] Request: POST /session/add_to_cart.php POST:{"product_id":"9","quantity":"1"}
[2026-01-03 15:22:56] Request: POST /session/add_to_cart.php POST:{"product_id":"8","quantity":"1"}
[2026-01-03 15:23:03] Request: POST /session/add_to_cart.php POST:{"product_id":"8","quantity":"1"}
[2026-01-03 15:23:07] Request: POST /session/add_to_cart.php POST:{"product_id":"8","quantity":"1"}
[2026-01-03 15:25:54] Request: POST /session/add_to_cart.php POST:{"product_id":"8","quantity":"1"}
[2026-01-03 15:25:59] Request: POST /session/add_to_cart.php POST:{"product_id":"8","quantity":"1"}
[2026-01-03 15:26:05] Request: POST /session/add_to_cart.php POST:{"product_id":"7","quantity":"1"}
[2026-01-03 15:26:11] Request: POST /session/add_to_cart.php POST:{"product_id":"7","quantity":"1"}
[2026-01-03 15:26:18] Request: POST /session/add_to_cart.php POST:{"product_id":"8","quantity":"1"}
[2026-01-03 15:26:23] Request: POST /session/add_to_cart.php POST:{"product_id":"8","quantity":"1"}
[2026-01-03 15:26:27] Request: POST /session/add_to_cart.php POST:{"product_id":"7","quantity":"1"}
[2026-01-03 15:28:09] Request: POST /session/add_to_cart.php POST:{"product_id":"8","quantity":"1"}
[2026-01-03 15:32:49] Request: POST /session/add_to_cart.php POST:{"product_id":"7","quantity":"1"}
[2026-01-03 15:33:35] Request: POST /session/add_to_cart.php POST:{"product_id":"7","quantity":"1"}
[2026-01-03 15:33:35] Request: POST /session/add_to_cart.php POST:{"product_id":"7","quantity":"1"}
[2026-01-03 15:34:11] Request: POST /session/add_to_cart.php POST:{"product_id":"9","quantity":"1"}
[2026-01-03 15:37:51] Request: POST /session/add_to_cart.php POST:{"product_id":"8","quantity":"1"}
[2026-01-03 15:55:12] Request: POST /session/add_to_cart.php POST:{"product_id":"8","quantity":"1"}
[2026-01-03 15:55:20] Request: POST /session/add_to_cart.php POST:{"product_id":"8","quantity":"1"}
[2026-01-03 15:55:31] Request: POST /session/add_to_cart.php POST:{"product_id":"7","quantity":"1"}
[2026-01-03 15:57:38] Request: POST /session/add_to_cart.php POST:{"product_id":"8","quantity":"1"}
[2026-01-03 16:00:08] Request: POST /session/add_to_cart.php POST:{"product_id":"8","quantity":"1"}
[2026-01-03 16:00:16] Request: POST /session/add_to_cart.php POST:{"product_id":"8","quantity":"1"}
[2026-01-03 16:01:00] Request: POST /session/add_to_cart.php POST:{"product_id":"6","quantity":"1"}
[2026-01-03 16:17:21] Request: POST /session/add_to_cart.php POST:{"product_id":"8","quantity":"1"}
[2026-01-03 16:17:28] Request: POST /session/add_to_cart.php POST:{"product_id":"5","quantity":"1"}
[2026-01-03 16:17:29] Request: POST /session/add_to_cart.php POST:{"product_id":"1","quantity":"1"}
[2026-01-03 16:37:38] Request: POST /session/add_to_cart.php POST:{"product_id":"8","quantity":"1"}
[2026-01-03 16:37:56] Request: POST /session/add_to_cart.php POST:{"product_id":"8","quantity":"1"}
[2026-01-04 03:47:17] Request: POST /session/add_to_cart.php POST:{"product_id":"7","quantity":"1"}
[2026-01-04 03:48:55] Request: POST /session/add_to_cart.php POST:{"product_id":"9","quantity":"1"}
[2026-01-04 03:49:08] Request: POST /session/add_to_cart.php POST:{"product_id":"4","quantity":"1"}
[2026-01-04 04:07:17] Request: POST /session/add_to_cart.php POST:{"product_id":"8","quantity":"1"}
[2026-01-04 04:09:57] Request: POST /session/add_to_cart.php POST:{"product_id":"8","quantity":"1"}
[2026-01-04 04:10:03] Request: POST /session/add_to_cart.php POST:{"product_id":"7","quantity":"1"}
[2026-01-04 04:10:21] Request: POST /session/add_to_cart.php POST:{"product_id":"7","quantity":"1"}
[2026-01-04 04:13:42] Request: POST /session/add_to_cart.php POST:{"product_id":"6","quantity":"1"}
[2026-01-04 04:13:42] Request: POST /session/add_to_cart.php POST:{"product_id":"5","quantity":"1"}
[2026-01-04 04:13:43] Request: POST /session/add_to_cart.php POST:{"product_id":"4","quantity":"1"}
[2026-01-04 04:13:44] Request: POST /session/add_to_cart.php POST:{"product_id":"3","quantity":"1"}
[2026-01-04 04:13:44] Request: POST /session/add_to_cart.php POST:{"product_id":"2","quantity":"1"}
[2026-01-04 04:13:46] Request: POST /session/add_to_cart.php POST:{"product_id":"1","quantity":"1"}
[2026-01-04 04:16:18] Request: POST /session/add_to_cart.php POST:{"product_id":"8","quantity":"1"}
[2026-01-04 04:16:19] Request: POST /session/add_to_cart.php POST:{"product_id":"7","quantity":"1"}
[2026-01-04 04:16:20] Request: POST /session/add_to_cart.php POST:{"product_id":"5","quantity":"1"}
[2026-01-04 04:16:21] Request: POST /session/add_to_cart.php POST:{"product_id":"4","quantity":"1"}
[2026-01-04 05:16:18] Request: POST /session/add_to_cart.php POST:{"product_id":"9","quantity":"1"}
[2026-01-04 05:18:59] Request: POST /session/add_to_cart.php POST:{"product_id":"6","quantity":"1"}
[2026-01-04 05:19:00] Request: POST /session/add_to_cart.php POST:{"product_id":"5","quantity":"1"}
[2026-01-04 05:19:00] Request: POST /session/add_to_cart.php POST:{"product_id":"4","quantity":"1"}
[2026-01-04 05:19:01] Request: POST /session/add_to_cart.php POST:{"product_id":"3","quantity":"1"}
[2026-01-04 05:19:01] Request: POST /session/add_to_cart.php POST:{"product_id":"2","quantity":"1"}
[2026-01-04 06:10:42] Request: POST /session/add_to_cart.php POST:{"product_id":"8","quantity":"1"}
[2026-01-04 06:15:12] Request: POST /session/add_to_cart.php POST:{"product_id":"9","quantity":"1"}
[2026-01-04 06:15:14] Request: POST /session/add_to_cart.php POST:{"product_id":"7","quantity":"1"}
[2026-01-04 06:25:41] Request: POST /session/add_to_cart.php POST:{"product_id":"8","quantity":"1"}
[2026-01-04 06:26:43] Request: POST /session/add_to_cart.php POST:{"product_id":"8","quantity":"1"}
[2026-01-04 06:26:43] Request: POST /session/add_to_cart.php POST:{"product_id":"8","quantity":"1"}
[2026-01-04 06:33:57] Request: POST /session/add_to_cart.php POST:{"product_id":"8","quantity":"1"}
[2026-01-04 06:40:40] Request: POST /session/add_to_cart.php POST:{"product_id":"7","quantity":"1"}
[2026-01-04 06:46:41] Request: POST /session/add_to_cart.php POST:{"product_id":"8","quantity":"1"}
[2026-01-04 06:46:42] Request: POST /session/add_to_cart.php POST:{"product_id":"9","quantity":"1"}
[2026-01-04 06:46:42] Request: POST /session/add_to_cart.php POST:{"product_id":"7","quantity":"1"}
[2026-01-04 06:46:44] Request: POST /session/add_to_cart.php POST:{"product_id":"5","quantity":"1"}
[2026-01-04 06:46:44] Request: POST /session/add_to_cart.php POST:{"product_id":"4","quantity":"1"}
[2026-01-05 05:39:56] Request: POST /session/add_to_cart.php POST:{"product_id":"8","quantity":"1"}
[2026-01-05 05:53:02] Request: POST /session/add_to_cart.php POST:{"product_id":"8","quantity":"1"}
[2026-01-05 05:53:02] Request: POST /session/add_to_cart.php POST:{"product_id":"7","quantity":"1"}
[2026-01-05 05:53:03] Request: POST /session/add_to_cart.php POST:{"product_id":"9","quantity":"1"}
[2026-01-05 07:06:29] Request: POST /session/add_to_cart.php POST:{"product_id":"9","quantity":"1"}
[2026-01-05 07:23:58] Request: POST /session/add_to_cart.php POST:{"product_id":"8","quantity":"1"}
[2026-01-05 07:33:12] Request: POST /session/add_to_cart.php POST:{"product_id":"7","quantity":"1"}
[2026-01-05 07:33:14] Request: POST /session/add_to_cart.php POST:{"product_id":"4","quantity":"1"}
[2026-01-05 07:37:00] Request: POST /session/add_to_cart.php POST:{"product_id":"2","quantity":"1"}
[2026-01-05 07:37:01] Request: POST /session/add_to_cart.php POST:{"product_id":"1","quantity":"1"}
[2026-01-05 07:37:16] Request: POST /session/add_to_cart.php POST:{"product_id":"2","quantity":"1"}
[2026-01-05 07:37:17] Request: POST /session/add_to_cart.php POST:{"product_id":"1","quantity":"1"}
[2026-01-05 07:38:23] Request: POST /session/add_to_cart.php POST:{"product_id":"1","quantity":"1"}
[2026-01-05 07:45:56] Request: POST /session/add_to_cart.php POST:{"product_id":"8","quantity":"1"}
[2026-01-05 07:48:27] Request: POST /session/add_to_cart.php POST:{"product_id":"1","quantity":"1"}
[2026-01-05 07:50:02] Request: POST /session/add_to_cart.php POST:{"product_id":"4","quantity":"1"}
[2026-01-05 07:50:57] Request: POST /session/add_to_cart.php POST:{"product_id":"2","quantity":"1"}
[2026-01-05 07:53:40] Request: POST /session/add_to_cart.php POST:{"product_id":"1","quantity":"1"}
[2026-01-05 07:53:52] Request: POST /session/add_to_cart.php POST:{"product_id":"8","quantity":"1"}
[2026-01-05 07:54:14] Request: POST /session/add_to_cart.php POST:{"product_id":"1","quantity":"1"}
[2026-01-05 07:56:04] Request: POST /session/add_to_cart.php POST:{"product_id":"1","quantity":"1"}
[2026-01-05 08:03:23] Request: POST /session/add_to_cart.php POST:{"product_id":"8","quantity":"1"}
[2026-01-05 08:05:34] Request: POST /session/add_to_cart.php POST:{"product_id":"6","quantity":"1"}
[2026-01-05 08:05:41] Request: POST /session/add_to_cart.php POST:{"product_id":"7","quantity":"1"}
[2026-01-05 08:05:45] Request: POST /session/add_to_cart.php POST:{"product_id":"8","quantity":"1"}
[2026-01-05 08:05:48] Request: POST /session/add_to_cart.php POST:{"product_id":"9","quantity":"1"}
[2026-01-05 08:07:33] Request: POST /session/add_to_cart.php POST:{"product_id":"7","quantity":"1"}
[2026-01-05 10:12:30] Request: POST /session/add_to_cart.php POST:{"product_id":"7","quantity":"1"}
[2026-01-05 10:12:49] Request: POST /session/add_to_cart.php POST:{"product_id":"8","quantity":"1"}
[2026-01-05 10:12:54] Request: POST /session/add_to_cart.php POST:{"product_id":"9","quantity":"1"}
[2026-01-05 10:12:55] Request: POST /session/add_to_cart.php POST:{"product_id":"8","quantity":"1"}
[2026-01-05 10:13:03] Request: POST /session/add_to_cart.php POST:{"product_id":"5","quantity":"1"}
[2026-01-05 10:13:07] Request: POST /session/add_to_cart.php POST:{"product_id":"4","quantity":"1"}
[2026-01-05 10:13:11] Request: POST /session/add_to_cart.php POST:{"product_id":"7","quantity":"1"}
[2026-01-05 10:13:16] Request: POST /session/add_to_cart.php POST:{"product_id":"9","quantity":"1"}
[2026-01-05 10:13:19] Request: POST /session/add_to_cart.php POST:{"product_id":"6","quantity":"1"}
[2026-01-05 10:14:40] Request: POST /session/add_to_cart.php POST:{"product_id":"7","quantity":"1"}
[2026-01-05 10:16:52] Request: POST /session/add_to_cart.php POST:{"product_id":"8","quantity":"1"}
[2026-01-05 10:16:57] Request: POST /session/add_to_cart.php POST:{"product_id":"7","quantity":"1"}
[2026-01-05 10:20:52] Request: POST /session/add_to_cart.php POST:{"product_id":"8","quantity":"1"}
[2026-01-05 10:22:18] Request: POST /session/add_to_cart.php POST:{"product_id":"7","quantity":"1"}
[2026-01-05 10:22:23] Request: POST /session/add_to_cart.php POST:{"product_id":"5","quantity":"1"}
[2026-01-05 10:22:24] Request: POST /session/add_to_cart.php POST:{"product_id":"2","quantity":"1"}
[2026-01-05 10:22:25] Request: POST /session/add_to_cart.php POST:{"product_id":"1","quantity":"1"}
[2026-01-05 10:22:25] Request: POST /session/add_to_cart.php POST:{"product_id":"1","quantity":"1"}
[2026-01-05 10:22:25] Request: POST /session/add_to_cart.php POST:{"product_id":"1","quantity":"1"}
[2026-01-05 10:22:51] Request: POST /session/add_to_cart.php POST:{"product_id":"8","quantity":"1"}
[2026-01-08 14:04:47] Request: POST /session/add_to_cart.php POST:{"product_id":"7","quantity":"1"}
[2026-01-08 16:09:05] Request: POST /session/add_to_cart.php POST:{"product_id":"8","quantity":"1"}
[2026-01-08 16:31:05] Request: POST /session/add_to_cart.php POST:{"product_id":"7","quantity":"1"}
[2026-01-08 16:39:27] Request: POST /session/add_to_cart.php POST:{"product_id":"8","quantity":"1"}
[2026-01-08 16:39:37] Request: POST /session/add_to_cart.php POST:{"product_id":"7","quantity":"1"}
[2026-01-09 04:20:34] Request: POST /session/add_to_cart.php POST:{"product_id":"5","quantity":"1"}
[2026-01-09 04:21:28] Request: POST /session/add_to_cart.php POST:{"product_id":"8","quantity":"1"}
[2026-01-09 04:27:32] Request: POST /session/add_to_cart.php POST:{"product_id":"5","quantity":"1"}
[2026-01-09 04:31:22] Request: POST /session/add_to_cart.php POST:{"product_id":"4","quantity":"1"}
[2026-01-09 04:32:09] Request: POST /session/add_to_cart.php POST:{"product_id":"7","quantity":"1"}
[2026-01-09 04:32:10] Request: POST /session/add_to_cart.php POST:{"product_id":"8","quantity":"1"}
[2026-01-09 04:32:13] Request: POST /session/add_to_cart.php POST:{"product_id":"4","quantity":"1"}
[2026-01-09 04:32:13] Request: POST /session/add_to_cart.php POST:{"product_id":"4","quantity":"1"}
[2026-01-09 04:32:13] Request: POST /session/add_to_cart.php POST:{"product_id":"4","quantity":"1"}
[2026-01-09 04:32:14] Request: POST /session/add_to_cart.php POST:{"product_id":"4","quantity":"1"}
[2026-01-09 05:47:42] Request: POST /session/add_to_cart.php POST:{"product_id":"7","quantity":"1"}
[2026-01-09 05:47:43] Request: POST /session/add_to_cart.php POST:{"product_id":"9","quantity":"1"}
[2026-01-10 10:55:11] Request: POST /add_to_cart.php POST:{"product_id":"9","quantity":"1"}
[2026-01-10 10:55:22] Request: POST /add_to_cart.php POST:{"product_id":"7","quantity":"1"}
[2026-01-10 10:56:54] Request: POST /add_to_cart.php POST:{"product_id":"9","quantity":"1"}
[2026-01-10 11:03:21] Request: POST /add_to_cart.php POST:{"product_id":"9","quantity":"1"}
[2026-01-10 11:03:22] Request: POST /add_to_cart.php POST:{"product_id":"8","quantity":"1"}
[2026-01-10 11:03:23] Request: POST /add_to_cart.php POST:{"product_id":"6","quantity":"1"}
[2026-01-10 11:03:32] Request: POST /add_to_cart.php POST:{"product_id":"9","quantity":"1"}
[2026-01-10 11:05:03] Request: POST /add_to_cart.php POST:{"product_id":"9","quantity":"1"}
[2026-01-10 11:09:51] Request: POST /add_to_cart.php POST:{"product_id":"1","quantity":"1"}
[2026-01-16 06:42:02] Request: POST /WebDev1.2/add_to_cart.php POST:{"product_id":"8","quantity":"1"}
[2026-01-16 06:47:07] Request: POST /WebDev1.2/add_to_cart.php POST:{"product_id":"8","quantity":"1"}
[2026-01-16 06:47:08] Request: POST /WebDev1.2/add_to_cart.php POST:{"product_id":"8","quantity":"1"}
[2026-01-16 06:55:24] Request: POST /WebDev1.2/add_to_cart.php POST:{"product_id":"7","quantity":"1"}
[2026-01-16 07:06:43] Request: POST /WebDev1.2/add_to_cart.php POST:{"product_id":"8","quantity":"1"}
[2026-01-16 07:06:43] Request: POST /WebDev1.2/add_to_cart.php POST:{"product_id":"8","quantity":"1"}
[2026-01-16 08:42:20] Request: POST /WebDev1.2/add_to_cart.php POST:{"product_id":"8","quantity":"1"}
[2026-01-16 08:42:20] Request: POST /WebDev1.2/add_to_cart.php POST:{"product_id":"8","quantity":"1"}
[2026-01-16 14:42:32] Request: POST /WebDev1.2/add_to_cart.php POST:{"product_id":"8","quantity":"1"}
[2026-01-16 14:42:32] Request: POST /WebDev1.2/add_to_cart.php POST:{"product_id":"8","quantity":"1"}
[2026-01-16 14:42:34] Request: POST /WebDev1.2/add_to_cart.php POST:{"product_id":"7","quantity":"1"}
[2026-01-16 14:42:34] Request: POST /WebDev1.2/add_to_cart.php POST:{"product_id":"7","quantity":"1"}
[2026-01-16 14:42:41] Request: POST /WebDev1.2/add_to_cart.php POST:{"product_id":"8","quantity":"1"}
[2026-01-16 14:42:41] Request: POST /WebDev1.2/add_to_cart.php POST:{"product_id":"8","quantity":"1"}
[2026-01-16 14:43:02] Request: POST /WebDev1.2/add_to_cart.php POST:{"product_id":"8","quantity":"1"}
[2026-01-16 14:43:02] Request: POST /WebDev1.2/add_to_cart.php POST:{"product_id":"8","quantity":"1"}
[2026-01-16 14:49:41] Request: POST /WebDev1.2/add_to_cart.php POST:{"product_id":"8","quantity":"1"}
[2026-01-16 14:49:41] Request: POST /WebDev1.2/add_to_cart.php POST:{"product_id":"8","quantity":"1"}
[2026-01-16 14:49:45] Request: POST /WebDev1.2/add_to_cart.php POST:{"product_id":"4","quantity":"1"}
[2026-01-16 14:49:45] Request: POST /WebDev1.2/add_to_cart.php POST:{"product_id":"4","quantity":"1"}
[2026-01-16 14:50:02] Request: POST /WebDev1.2/add_to_cart.php POST:{"product_id":"5","quantity":"1"}
[2026-01-16 14:50:02] Request: POST /WebDev1.2/add_to_cart.php POST:{"product_id":"5","quantity":"1"}
[2026-01-16 14:50:04] Request: POST /WebDev1.2/add_to_cart.php POST:{"product_id":"1","quantity":"1"}
[2026-01-16 14:50:04] Request: POST /WebDev1.2/add_to_cart.php POST:{"product_id":"1","quantity":"1"}
[2026-01-16 14:50:05] Request: POST /WebDev1.2/add_to_cart.php POST:{"product_id":"3","quantity":"1"}
[2026-01-16 14:50:05] Request: POST /WebDev1.2/add_to_cart.php POST:{"product_id":"3","quantity":"1"}
[2026-01-16 14:50:17] Request: POST /WebDev1.2/add_to_cart.php POST:{"product_id":"9","quantity":"1"}
[2026-01-16 14:50:17] Request: POST /WebDev1.2/add_to_cart.php POST:{"product_id":"9","quantity":"1"}
[2026-01-16 14:50:51] Request: POST /WebDev1.2/add_to_cart.php POST:{"product_id":"8","quantity":"1"}
[2026-01-16 14:50:51] Request: POST /WebDev1.2/add_to_cart.php POST:{"product_id":"8","quantity":"1"}
[2026-01-16 14:50:52] Request: POST /WebDev1.2/add_to_cart.php POST:{"product_id":"7","quantity":"1"}
[2026-01-16 14:50:52] Request: POST /WebDev1.2/add_to_cart.php POST:{"product_id":"7","quantity":"1"}
[2026-01-16 14:53:05] Request: POST /WebDev1.2/add_to_cart.php POST:{"product_id":"7","quantity":"1"}
[2026-01-16 14:53:11] Request: POST /WebDev1.2/add_to_cart.php POST:{"product_id":"2","quantity":"1"}
[2026-01-16 14:53:26] Request: POST /WebDev1.2/add_to_cart.php POST:{"product_id":"8","quantity":"1"}
[2026-01-16 14:53:27] Request: POST /WebDev1.2/add_to_cart.php POST:{"product_id":"7","quantity":"1"}
[2026-01-16 14:53:37] Request: POST /WebDev1.2/add_to_cart.php POST:{"product_id":"5","quantity":"1"}
[2026-01-16 14:53:38] Request: POST /WebDev1.2/add_to_cart.php POST:{"product_id":"4","quantity":"1"}
[2026-01-16 14:53:39] Request: POST /WebDev1.2/add_to_cart.php POST:{"product_id":"6","quantity":"1"}
[2026-01-16 14:53:40] Request: POST /WebDev1.2/add_to_cart.php POST:{"product_id":"3","quantity":"1"}
[2026-01-16 14:53:41] Request: POST /WebDev1.2/add_to_cart.php POST:{"product_id":"2","quantity":"1"}
[2026-01-16 14:53:41] Request: POST /WebDev1.2/add_to_cart.php POST:{"product_id":"1","quantity":"1"}
[2026-01-16 14:54:56] Request: POST /WebDev1.2/add_to_cart.php POST:{"product_id":"8","quantity":"1"}
[2026-01-16 14:54:57] Request: POST /WebDev1.2/add_to_cart.php POST:{"product_id":"7","quantity":"1"}
[2026-01-16 14:55:01] Request: POST /WebDev1.2/add_to_cart.php POST:{"product_id":"5","quantity":"1"}
[2026-01-16 14:55:02] Request: POST /WebDev1.2/add_to_cart.php POST:{"product_id":"4","quantity":"1"}
[2026-01-16 14:55:03] Request: POST /WebDev1.2/add_to_cart.php POST:{"product_id":"6","quantity":"1"}
[2026-01-16 14:55:04] Request: POST /WebDev1.2/add_to_cart.php POST:{"product_id":"5","quantity":"1"}
[2026-01-16 14:55:06] Request: POST /WebDev1.2/add_to_cart.php POST:{"product_id":"8","quantity":"1"}
[2026-01-16 14:55:07] Request: POST /WebDev1.2/add_to_cart.php POST:{"product_id":"7","quantity":"1"}
[2026-01-16 14:55:07] Request: POST /WebDev1.2/add_to_cart.php POST:{"product_id":"9","quantity":"1"}
[2026-01-16 15:12:20] Request: POST /WebDev1.2/add_to_cart.php POST:{"product_id":"8","quantity":"1"}
[2026-01-16 15:12:22] Request: POST /WebDev1.2/add_to_cart.php POST:{"product_id":"7","quantity":"1"}
[2026-01-16 15:12:26] Request: POST /WebDev1.2/add_to_cart.php POST:{"product_id":"5","quantity":"1"}
[2026-01-16 15:12:31] Request: POST /WebDev1.2/add_to_cart.php POST:{"product_id":"7","quantity":"1"}
[2026-01-16 15:12:32] Request: POST /WebDev1.2/add_to_cart.php POST:{"product_id":"8","quantity":"1"}
[2026-01-16 15:12:33] Request: POST /WebDev1.2/add_to_cart.php POST:{"product_id":"9","quantity":"1"}
[2026-01-16 15:14:46] Request: POST /WebDev1.2/add_to_cart.php POST:{"product_id":"8","quantity":"1"}
[2026-01-16 15:14:47] Request: POST /WebDev1.2/add_to_cart.php POST:{"product_id":"7","quantity":"1"}
[2026-01-16 15:14:49] Request: POST /WebDev1.2/add_to_cart.php POST:{"product_id":"9","quantity":"1"}
[2026-01-16 15:14:51] Request: POST /WebDev1.2/add_to_cart.php POST:{"product_id":"5","quantity":"1"}
[2026-01-16 15:14:52] Request: POST /WebDev1.2/add_to_cart.php POST:{"product_id":"4","quantity":"1"}
[2026-01-16 15:14:53] Request: POST /WebDev1.2/add_to_cart.php POST:{"product_id":"6","quantity":"1"}
[2026-01-16 15:14:58] Request: POST /WebDev1.2/add_to_cart.php POST:{"product_id":"2","quantity":"1"}
[2026-01-16 15:14:59] Request: POST /WebDev1.2/add_to_cart.php POST:{"product_id":"1","quantity":"1"}
[2026-01-16 15:15:01] Request: POST /WebDev1.2/add_to_cart.php POST:{"product_id":"6","quantity":"1"}
[2026-01-16 15:15:02] Request: POST /WebDev1.2/add_to_cart.php POST:{"product_id":"9","quantity":"1"}
[2026-01-16 15:15:03] Request: POST /WebDev1.2/add_to_cart.php POST:{"product_id":"7","quantity":"1"}
[2026-01-16 15:15:04] Request: POST /WebDev1.2/add_to_cart.php POST:{"product_id":"2","quantity":"1"}
[2026-01-16 15:16:31] Request: POST /WebDev1.2/add_to_cart.php POST:{"product_id":"8","quantity":"1"}
[2026-01-16 15:16:31] Request: POST /WebDev1.2/add_to_cart.php POST:{"product_id":"7","quantity":"1"}
[2026-01-16 15:16:33] Request: POST /WebDev1.2/add_to_cart.php POST:{"product_id":"5","quantity":"1"}
[2026-01-16 15:16:34] Request: POST /WebDev1.2/add_to_cart.php POST:{"product_id":"4","quantity":"1"}
[2026-01-16 15:16:36] Request: POST /WebDev1.2/add_to_cart.php POST:{"product_id":"2","quantity":"1"}
[2026-01-16 15:16:36] Request: POST /WebDev1.2/add_to_cart.php POST:{"product_id":"1","quantity":"1"}
[2026-01-16 15:16:37] Request: POST /WebDev1.2/add_to_cart.php POST:{"product_id":"3","quantity":"1"}
[2026-01-16 15:17:33] Request: POST /WebDev1.2/add_to_cart.php POST:{"product_id":"5","quantity":"1"}
[2026-01-16 15:17:34] Request: POST /WebDev1.2/add_to_cart.php POST:{"product_id":"4","quantity":"1"}
[2026-01-16 15:17:35] Request: POST /WebDev1.2/add_to_cart.php POST:{"product_id":"6","quantity":"1"}
[2026-01-16 15:19:03] Request: POST /WebDev1.2/add_to_cart.php POST:{"product_id":"7","quantity":"1"}
[2026-01-16 15:19:06] Request: POST /WebDev1.2/add_to_cart.php POST:{"product_id":"9","quantity":"1"}
[2026-01-16 15:19:08] Request: POST /WebDev1.2/add_to_cart.php POST:{"product_id":"6","quantity":"1"}
[2026-01-16 15:19:09] Request: POST /WebDev1.2/add_to_cart.php POST:{"product_id":"3","quantity":"1"}
[2026-01-16 15:19:10] Request: POST /WebDev1.2/add_to_cart.php POST:{"product_id":"1","quantity":"1"}
[2026-01-16 15:19:11] Request: POST /WebDev1.2/add_to_cart.php POST:{"product_id":"7","quantity":"1"}
[2026-01-16 15:19:24] Request: POST /WebDev1.2/add_to_cart.php POST:{"product_id":"2","quantity":"1"}
[2026-01-16 15:19:25] Request: POST /WebDev1.2/add_to_cart.php POST:{"product_id":"1","quantity":"1"}
[2026-01-16 15:19:26] Request: POST /WebDev1.2/add_to_cart.php POST:{"product_id":"3","quantity":"1"}
[2026-01-16 15:19:27] Request: POST /WebDev1.2/add_to_cart.php POST:{"product_id":"4","quantity":"1"}
[2026-01-16 15:19:28] Request: POST /WebDev1.2/add_to_cart.php POST:{"product_id":"5","quantity":"1"}
[2026-01-16 15:19:30] Request: POST /WebDev1.2/add_to_cart.php POST:{"product_id":"6","quantity":"1"}
[2026-01-16 15:21:08] Request: POST /WebDev1.2/add_to_cart.php POST:{"product_id":"7","quantity":"1"}
[2026-01-16 15:21:09] Request: POST /WebDev1.2/add_to_cart.php POST:{"product_id":"4","quantity":"1"}
[2026-01-16 15:21:22] Request: POST /WebDev1.2/add_to_cart.php POST:{"product_id":"7","quantity":"1"}
[2026-01-16 15:21:24] Request: POST /WebDev1.2/add_to_cart.php POST:{"product_id":"1","quantity":"1"}
[2026-01-16 15:22:06] Request: POST /WebDev1.2/add_to_cart.php POST:{"product_id":"7","quantity":"1"}
[2026-01-16 15:22:07] Request: POST /WebDev1.2/add_to_cart.php POST:{"product_id":"4","quantity":"1"}
[2026-01-16 15:22:09] Request: POST /WebDev1.2/add_to_cart.php POST:{"product_id":"5","quantity":"1"}
[2026-01-16 15:22:25] Request: POST /WebDev1.2/add_to_cart.php POST:{"product_id":"5","quantity":"1"}
[2026-01-16 15:22:26] Request: POST /WebDev1.2/add_to_cart.php POST:{"product_id":"2","quantity":"1"}
[2026-01-16 15:22:52] Request: POST /WebDev1.2/add_to_cart.php POST:{"product_id":"5","quantity":"1"}
[2026-01-16 15:22:53] Request: POST /WebDev1.2/add_to_cart.php POST:{"product_id":"2","quantity":"1"}
[2026-01-16 15:22:54] Request: POST /WebDev1.2/add_to_cart.php POST:{"product_id":"3","quantity":"1"}
[2026-01-16 15:24:09] Request: POST /WebDev1.2/add_to_cart.php POST:{"product_id":"8","quantity":"1"}
[2026-01-16 15:24:10] Request: POST /WebDev1.2/add_to_cart.php POST:{"product_id":"7","quantity":"1"}
[2026-01-16 15:24:12] Request: POST /WebDev1.2/add_to_cart.php POST:{"product_id":"5","quantity":"1"}
[2026-01-16 15:24:23] Request: POST /WebDev1.2/add_to_cart.php POST:{"product_id":"2","quantity":"1"}
[2026-01-16 15:24:23] Request: POST /WebDev1.2/add_to_cart.php POST:{"product_id":"1","quantity":"1"}
[2026-01-16 15:24:24] Request: POST /WebDev1.2/add_to_cart.php POST:{"product_id":"3","quantity":"1"}
[2026-01-16 15:24:40] Request: POST /WebDev1.2/add_to_cart.php POST:{"product_id":"2","quantity":"1"}
[2026-01-16 15:24:40] Request: POST /WebDev1.2/add_to_cart.php POST:{"product_id":"1","quantity":"1"}
[2026-01-16 15:24:41] Request: POST /WebDev1.2/add_to_cart.php POST:{"product_id":"3","quantity":"1"}
[2026-01-16 15:25:50] Request: POST /WebDev1.2/add_to_cart.php POST:{"product_id":"8","quantity":"1"}
[2026-01-16 15:25:50] Request: POST /WebDev1.2/add_to_cart.php POST:{"product_id":"7","quantity":"1"}
[2026-01-16 15:26:56] Request: POST /WebDev1.2/add_to_cart.php POST:{"product_id":"8","quantity":"1"}
[2026-01-16 15:26:57] Request: POST /WebDev1.2/add_to_cart.php POST:{"product_id":"1","quantity":"1"}
[2026-01-16 15:27:11] Request: POST /WebDev1.2/add_to_cart.php POST:{"product_id":"2","quantity":"1"}
[2026-01-16 15:27:12] Request: POST /WebDev1.2/add_to_cart.php POST:{"product_id":"1","quantity":"1"}
[2026-01-16 15:28:31] Request: POST /WebDev1.2/add_to_cart.php POST:{"product_id":"7","quantity":"1"}
[2026-01-16 15:29:29] Request: POST /WebDev1.2/add_to_cart.php POST:{"product_id":"8","quantity":"1"}
[2026-01-16 15:29:30] Request: POST /WebDev1.2/add_to_cart.php POST:{"product_id":"5","quantity":"1"}
[2026-01-16 15:29:44] Request: POST /WebDev1.2/add_to_cart.php POST:{"product_id":"2","quantity":"1"}
[2026-01-16 15:29:48] Request: POST /WebDev1.2/add_to_cart.php POST:{"product_id":"1","quantity":"1"}
[2026-01-16 15:34:38] Request: POST /WebDev1.2/add_to_cart.php POST:{"product_id":"8","quantity":"1"}
[2026-01-16 15:34:44] Request: POST /WebDev1.2/add_to_cart.php POST:{"product_id":"6","quantity":"1"}
[2026-01-16 15:35:02] Request: POST /WebDev1.2/add_to_cart.php POST:{"product_id":"8","quantity":"1"}
[2026-01-16 15:35:03] Request: POST /WebDev1.2/add_to_cart.php POST:{"product_id":"7","quantity":"1"}
[2026-01-16 15:35:07] Request: POST /WebDev1.2/add_to_cart.php POST:{"product_id":"5","quantity":"1"}
[2026-01-16 15:35:07] Request: POST /WebDev1.2/add_to_cart.php POST:{"product_id":"1","quantity":"1"}
[2026-01-16 15:35:08] Request: POST /WebDev1.2/add_to_cart.php POST:{"product_id":"2","quantity":"1"}
[2026-01-16 15:35:08] Request: POST /WebDev1.2/add_to_cart.php POST:{"product_id":"3","quantity":"1"}
[2026-01-16 15:35:10] Request: POST /WebDev1.2/add_to_cart.php POST:{"product_id":"6","quantity":"1"}
[2026-01-16 15:35:11] Request: POST /WebDev1.2/add_to_cart.php POST:{"product_id":"5","quantity":"1"}
[2026-01-16 15:35:11] Request: POST /WebDev1.2/add_to_cart.php POST:{"product_id":"4","quantity":"1"}
[2026-01-16 15:35:12] Request: POST /WebDev1.2/add_to_cart.php POST:{"product_id":"1","quantity":"1"}
[2026-01-16 15:35:13] Request: POST /WebDev1.2/add_to_cart.php POST:{"product_id":"2","quantity":"1"}
[2026-01-16 15:35:14] Request: POST /WebDev1.2/add_to_cart.php POST:{"product_id":"3","quantity":"1"}
[2026-01-16 15:35:15] Request: POST /WebDev1.2/add_to_cart.php POST:{"product_id":"6","quantity":"1"}
[2026-01-16 15:35:16] Request: POST /WebDev1.2/add_to_cart.php POST:{"product_id":"5","quantity":"1"}
[2026-01-16 15:35:17] Request: POST /WebDev1.2/add_to_cart.php POST:{"product_id":"4","quantity":"1"}
[2026-01-16 15:35:18] Request: POST /WebDev1.2/add_to_cart.php POST:{"product_id":"8","quantity":"1"}
[2026-01-16 16:36:27] Request: POST /WebDev1.2/add_to_cart.php POST:{"product_id":"8","quantity":"1"}
[2026-01-16 16:36:38] Request: POST /WebDev1.2/add_to_cart.php POST:{"product_id":"8","quantity":"23"}
[2026-01-16 16:37:06] Request: POST /WebDev1.2/add_to_cart.php POST:{"product_id":"8","quantity":"1"}
[2026-01-16 16:43:11] Request: POST /WebDev1.2/add_to_cart.php POST:{"product_id":"8","quantity":"5"}
[2026-01-16 16:51:18] Request: POST /WebDev1.2/add_to_cart.php POST:{"product_id":"8","quantity":"1"}
[2026-01-16 16:51:28] Request: POST /WebDev1.2/add_to_cart.php POST:{"product_id":"7","quantity":"1"}
[2026-01-16 16:51:30] Request: POST /WebDev1.2/add_to_cart.php POST:{"product_id":"3","quantity":"1"}
[2026-01-16 16:51:32] Request: POST /WebDev1.2/add_to_cart.php POST:{"product_id":"5","quantity":"1"}
[2026-01-16 16:51:36] Request: POST /WebDev1.2/add_to_cart.php POST:{"product_id":"6","quantity":"1"}
[2026-01-16 16:51:37] Request: POST /WebDev1.2/add_to_cart.php POST:{"product_id":"5","quantity":"1"}
[2026-01-16 16:51:38] Request: POST /WebDev1.2/add_to_cart.php POST:{"product_id":"4","quantity":"1"}
[2026-01-16 16:51:39] Request: POST /WebDev1.2/add_to_cart.php POST:{"product_id":"8","quantity":"1"}
[2026-01-16 16:51:40] Request: POST /WebDev1.2/add_to_cart.php POST:{"product_id":"9","quantity":"1"}
[2026-01-16 16:51:40] Request: POST /WebDev1.2/add_to_cart.php POST:{"product_id":"7","quantity":"1"}
[2026-01-16 16:51:41] Request: POST /WebDev1.2/add_to_cart.php POST:{"product_id":"5","quantity":"1"}
[2026-01-16 16:51:42] Request: POST /WebDev1.2/add_to_cart.php POST:{"product_id":"4","quantity":"1"}
[2026-01-16 16:51:43] Request: POST /WebDev1.2/add_to_cart.php POST:{"product_id":"6","quantity":"1"}
[2026-01-16 16:53:18] Request: POST /WebDev1.2/add_to_cart.php POST:{"product_id":"8","quantity":"1"}
[2026-01-16 16:53:22] Request: POST /WebDev1.2/add_to_cart.php POST:{"product_id":"9","quantity":"1"}
[2026-01-16 16:53:24] Request: POST /WebDev1.2/add_to_cart.php POST:{"product_id":"5","quantity":"1"}
[2026-01-16 16:53:25] Request: POST /WebDev1.2/add_to_cart.php POST:{"product_id":"4","quantity":"1"}
[2026-01-16 16:53:26] Request: POST /WebDev1.2/add_to_cart.php POST:{"product_id":"6","quantity":"1"}
[2026-01-16 16:53:31] Request: POST /WebDev1.2/add_to_cart.php POST:{"product_id":"3","quantity":"1"}
[2026-01-16 16:54:58] Request: POST /WebDev1.2/add_to_cart.php POST:{"product_id":"8","quantity":"1"}
[2026-01-16 16:54:59] Request: POST /WebDev1.2/add_to_cart.php POST:{"product_id":"7","quantity":"1"}
[2026-01-16 16:57:09] Request: POST /WebDev1.2/add_to_cart.php POST:{"product_id":"8","quantity":"1"}
[2026-01-16 16:57:10] Request: POST /WebDev1.2/add_to_cart.php POST:{"product_id":"8","quantity":"1"}
[2026-01-16 16:57:10] Request: POST /WebDev1.2/add_to_cart.php POST:{"product_id":"8","quantity":"1"}
[2026-01-16 16:57:11] Request: POST /WebDev1.2/add_to_cart.php POST:{"product_id":"8","quantity":"1"}
[2026-01-16 16:57:11] Request: POST /WebDev1.2/add_to_cart.php POST:{"product_id":"8","quantity":"1"}
[2026-01-16 16:57:15] Request: POST /WebDev1.2/add_to_cart.php POST:{"product_id":"8","quantity":"23"}
[2026-01-16 16:57:22] Request: POST /WebDev1.2/add_to_cart.php POST:{"product_id":"8","quantity":"1"}
[2026-01-16 16:57:25] Request: POST /WebDev1.2/add_to_cart.php POST:{"product_id":"9","quantity":"1"}
[2026-01-16 16:57:30] Request: POST /WebDev1.2/add_to_cart.php POST:{"product_id":"7","quantity":"1"}
[2026-01-16 16:57:35] Request: POST /WebDev1.2/add_to_cart.php POST:{"product_id":"5","quantity":"1"}
[2026-01-17 00:45:34] Request: POST /WebDev1.2/add_to_cart.php POST:{"product_id":"2","quantity":"1"}
[2026-01-17 00:46:01] Request: POST /WebDev1.2/add_to_cart.php POST:{"product_id":"8","quantity":"1"}
[2026-01-17 00:58:10] Request: POST /WebDev1.2/add_to_cart.php POST:{"product_id":"8","quantity":"1"}
[2026-01-17 00:58:29] Request: POST /WebDev1.2/add_to_cart.php POST:{"product_id":"2","quantity":"1"}
[2026-01-17 00:58:30] Request: POST /WebDev1.2/add_to_cart.php POST:{"product_id":"1","quantity":"1"}
[2026-01-17 00:58:31] Request: POST /WebDev1.2/add_to_cart.php POST:{"product_id":"3","quantity":"1"}
[2026-01-17 01:09:49] Request: POST /WebDev1.2/add_to_cart.php POST:{"product_id":"8","quantity":"1"}
[2026-01-17 01:09:51] Request: POST /WebDev1.2/add_to_cart.php POST:{"product_id":"4","quantity":"1"}
[2026-01-17 01:27:10] Request: POST /WebDev1.2/add_to_cart.php POST:{"product_id":"8","quantity":"1"}
[2026-01-17 01:27:13] Request: POST /WebDev1.2/add_to_cart.php POST:{"product_id":"8","quantity":"1"}
[2026-01-17 01:27:26] Request: POST /WebDev1.2/add_to_cart.php POST:{"product_id":"7","quantity":"1"}
[2026-01-17 02:42:17] Request: POST /WebDev1.2/add_to_cart.php POST:{"product_id":"8","quantity":"1"}
[2026-01-17 02:51:47] Request: POST /WebDev1.2/add_to_cart.php POST:{"product_id":"8","quantity":"1"}
[2026-01-17 02:51:51] Request: POST /WebDev1.2/add_to_cart.php POST:{"product_id":"8","quantity":"1"}
[2026-01-17 02:51:57] Request: POST /WebDev1.2/add_to_cart.php POST:{"product_id":"2","quantity":"1"}
[2026-01-17 02:52:05] Request: POST /WebDev1.2/add_to_cart.php POST:{"product_id":"1","quantity":"1"}
[2026-01-17 02:52:22] Request: POST /WebDev1.2/add_to_cart.php POST:{"product_id":"9","quantity":"1"}
[2026-01-17 02:55:13] Request: POST /WebDev1.2/add_to_cart.php POST:{"product_id":"4","quantity":"1"}
[2026-01-17 02:55:39] Request: POST /WebDev1.2/add_to_cart.php POST:{"product_id":"2","quantity":"1"}
[2026-01-17 03:01:56] Request: POST /WebDev1.2/add_to_cart.php POST:{"product_id":"2","quantity":"1"}
[2026-01-17 03:02:05] Request: POST /WebDev1.2/add_to_cart.php POST:{"product_id":"4","quantity":"1"}
[2026-01-17 03:02:14] Request: POST /WebDev1.2/add_to_cart.php POST:{"product_id":"9","quantity":"1"}
[2026-01-17 03:08:44] Request: POST /WebDev1.2/add_to_cart.php POST:{"product_id":"1","quantity":"1"}
[2026-01-17 03:09:01] Request: POST /WebDev1.2/add_to_cart.php POST:{"product_id":"1","quantity":"1"}
[2026-01-17 03:29:25] Request: POST /WebDev1.2/add_to_cart.php POST:{"product_id":"2","quantity":"1"}
[2026-01-17 04:14:31] Request: POST /WebDev1.2/add_to_cart.php POST:{"product_id":"1","quantity":"1"}
[2026-01-17 04:14:32] Request: POST /WebDev1.2/add_to_cart.php POST:{"product_id":"6","quantity":"1"}
[2026-01-17 04:14:33] Request: POST /WebDev1.2/add_to_cart.php POST:{"product_id":"4","quantity":"1"}
[2026-01-17 04:27:04] Request: POST /WebDev1.2/add_to_cart.php POST:{"product_id":"8","quantity":"1"}
[2026-01-17 04:27:11] Request: POST /WebDev1.2/add_to_cart.php POST:{"product_id":"2","quantity":"1"}
[2026-01-17 04:27:14] Request: POST /WebDev1.2/add_to_cart.php POST:{"product_id":"2","quantity":"1"}
[2026-01-17 04:28:00] Request: POST /WebDev1.2/add_to_cart.php POST:{"product_id":"4","quantity":"1"}
[2026-01-17 04:30:03] Request: POST /WebDev1.2/add_to_cart.php POST:{"product_id":"7","quantity":"1"}
[2026-01-17 04:30:26] Request: POST /WebDev1.2/add_to_cart.php POST:{"product_id":"2","quantity":"1"}
[2026-01-17 04:31:00] Request: POST /WebDev1.2/add_to_cart.php POST:{"product_id":"7","quantity":"1"}
[2026-01-17 04:31:57] Request: POST /WebDev1.2/add_to_cart.php POST:{"product_id":"2","quantity":"1"}
[2026-01-17 04:56:03] Request: POST /WebDev1.2/add_to_cart.php POST:{"product_id":"7","quantity":"1"}
[2026-01-17 13:44:53] Request: POST /WebDev1.2/add_to_cart.php POST:{"product_id":"7","quantity":"1"}
[2026-01-17 14:35:53] Request: POST /WebDev1.2/add_to_cart.php POST:{"product_id":"7","quantity":"1"}
[2026-01-17 14:35:55] Request: POST /WebDev1.2/add_to_cart.php POST:{"product_id":"8","quantity":"1"}
[2026-01-17 15:06:29] Request: POST /WebDev1.2/add_to_cart.php POST:{"product_id":"8","quantity":"1"}
[2026-01-17 15:06:30] Request: POST /WebDev1.2/add_to_cart.php POST:{"product_id":"8","quantity":"1"}
[2026-01-17 15:11:31] Request: POST /WebDev1.2/add_to_cart.php POST:{"product_id":"8","quantity":"1"}
[2026-01-17 15:11:34] Request: POST /WebDev1.2/add_to_cart.php POST:{"product_id":"8","quantity":"1"}
[2026-01-17 15:11:45] Request: POST /WebDev1.2/add_to_cart.php POST:{"product_id":"8","quantity":"1"}
[2026-01-17 15:12:19] Request: POST /WebDev1.2/add_to_cart.php POST:{"product_id":"8","quantity":"1"}
[2026-01-17 15:34:36] Request: POST /WebDev1.2/add_to_cart.php POST:{"product_id":"8","quantity":"1"}
[2026-01-17 15:37:24] Request: POST /WebDev1.2/add_to_cart.php POST:{"product_id":"8","quantity":"1"}
[2026-01-18 15:14:26] Request: POST /WebDev1.2/add_to_cart.php POST:{"product_id":"5","quantity":"1"}
[2026-01-18 15:14:27] Request: POST /WebDev1.2/add_to_cart.php POST:{"product_id":"4","quantity":"1"}
[2026-01-18 15:14:28] Request: POST /WebDev1.2/add_to_cart.php POST:{"product_id":"2","quantity":"1"}
[2026-01-18 15:15:46] Request: POST /WebDev1.2/add_to_cart.php POST:{"product_id":"8","quantity":"1"}
[2026-01-18 15:24:29] Request: POST /WebDev1.2/add_to_cart.php POST:{"product_id":"7","quantity":"1"}
[2026-01-18 15:25:23] Request: POST /WebDev1.2/add_to_cart.php POST:{"product_id":"8","quantity":"1"}
[2026-01-18 15:25:24] Request: POST /WebDev1.2/add_to_cart.php POST:{"product_id":"7","quantity":"1"}
[2026-01-18 15:36:50] Request: POST /WebDev1.2/add_to_cart.php POST:{"product_id":"5","quantity":"1"}
[2026-01-18 15:36:55] Request: POST /WebDev1.2/add_to_cart.php POST:{"product_id":"1","quantity":"1"}
[2026-01-18 15:36:57] Request: POST /WebDev1.2/add_to_cart.php POST:{"product_id":"3","quantity":"1"}
[2026-01-18 15:36:58] Request: POST /WebDev1.2/add_to_cart.php POST:{"product_id":"4","quantity":"1"}
[2026-01-18 15:36:59] Request: POST /WebDev1.2/add_to_cart.php POST:{"product_id":"7","quantity":"1"}
[2026-01-18 15:37:00] Request: POST /WebDev1.2/add_to_cart.php POST:{"product_id":"8","quantity":"1"}
[2026-01-18 15:37:01] Request: POST /WebDev1.2/add_to_cart.php POST:{"product_id":"9","quantity":"1"}
[2026-01-18 15:37:04] Request: POST /WebDev1.2/add_to_cart.php POST:{"product_id":"6","quantity":"1"}
[2026-01-18 15:37:04] Request: POST /WebDev1.2/add_to_cart.php POST:{"product_id":"5","quantity":"1"}
[2026-01-18 15:37:05] Request: POST /WebDev1.2/add_to_cart.php POST:{"product_id":"4","quantity":"1"}
[2026-01-18 15:37:06] Request: POST /WebDev1.2/add_to_cart.php POST:{"product_id":"1","quantity":"1"}
[2026-01-18 15:37:38] Request: POST /WebDev1.2/add_to_cart.php POST:{"product_id":"7","quantity":"1"}
[2026-01-18 15:37:39] Request: POST /WebDev1.2/add_to_cart.php POST:{"product_id":"2","quantity":"1"}
[2026-01-18 15:37:40] Request: POST /WebDev1.2/add_to_cart.php POST:{"product_id":"1","quantity":"1"}
[2026-01-18 15:37:41] Request: POST /WebDev1.2/add_to_cart.php POST:{"product_id":"3","quantity":"1"}
[2026-01-18 15:47:53] Request: POST /WebDev1.2/add_to_cart.php POST:{"product_id":"7","quantity":"1"}
[2026-01-18 15:47:54] Request: POST /WebDev1.2/add_to_cart.php POST:{"product_id":"8","quantity":"1"}
[2026-01-18 15:47:55] Request: POST /WebDev1.2/add_to_cart.php POST:{"product_id":"5","quantity":"1"}
[2026-01-18 15:47:55] Request: POST /WebDev1.2/add_to_cart.php POST:{"product_id":"4","quantity":"1"}
[2026-01-18 17:25:28] Request: POST /WebDev1.2/add_to_cart.php POST:{"product_id":"5","quantity":"1"}
[2026-01-18 17:25:29] Request: POST /WebDev1.2/add_to_cart.php POST:{"product_id":"4","quantity":"1"}
[2026-01-18 17:25:30] Request: POST /WebDev1.2/add_to_cart.php POST:{"product_id":"2","quantity":"1"}
[2026-01-19 05:51:11] Request: POST /add_to_cart.php POST:{"product_id":"9","quantity":"1"}
[2026-01-19 05:52:54] Request: POST /add_to_cart.php POST:{"product_id":"9","quantity":"1"}
[2026-01-19 06:18:14] Request: POST /add_to_cart.php POST:{"product_id":"9","quantity":"1"}
[2026-01-19 06:24:15] Request: POST /add_to_cart.php POST:{"product_id":"7","quantity":"1"}
[2026-01-19 06:25:18] Request: POST /add_to_cart.php POST:{"product_id":"5","quantity":"1"}
[2026-01-19 06:25:18] Request: POST /add_to_cart.php POST:{"product_id":"4","quantity":"1"}
[2026-01-19 06:25:20] Request: POST /add_to_cart.php POST:{"product_id":"2","quantity":"1"}
[2026-01-19 06:25:21] Request: POST /add_to_cart.php POST:{"product_id":"1","quantity":"1"}
[2026-01-19 06:25:22] Request: POST /add_to_cart.php POST:{"product_id":"3","quantity":"1"}
[2026-01-19 16:24:38] Request: POST /add_to_cart.php POST:{"product_id":"8","quantity":"1"}
[2026-01-19 16:24:46] Request: POST /add_to_cart.php POST:{"product_id":"7","quantity":"1"}
[2026-01-19 16:24:47] Request: POST /add_to_cart.php POST:{"product_id":"9","quantity":"1"}
[2026-01-19 16:38:44] Request: POST /add_to_cart.php POST:{"product_id":"7","quantity":"1"}
[2026-01-21 12:58:47] Request: POST /add_to_cart.php POST:{"product_id":"8","quantity":"1"}
[2026-01-21 12:58:50] Request: POST /add_to_cart.php POST:{"product_id":"7","quantity":"1"}
[2026-01-21 12:58:51] Request: POST /add_to_cart.php POST:{"product_id":"9","quantity":"1"}
[2026-01-21 13:28:18] Request: POST /add_to_cart.php POST:{"product_id":"9","quantity":"1"}
[2026-01-21 13:43:53] Request: POST /add_to_cart.php POST:{"product_id":"7","quantity":"1"}
[2026-01-21 14:02:58] Request: POST /add_to_cart.php POST:{"product_id":"7","quantity":"1"}
[2026-01-21 14:03:01] Request: POST /add_to_cart.php POST:{"product_id":"7","quantity":"1"}
[2026-01-21 14:03:04] Request: POST /add_to_cart.php POST:{"product_id":"7","quantity":"1"}
[2026-01-21 14:03:05] Request: POST /add_to_cart.php POST:{"product_id":"7","quantity":"1"}
[2026-01-21 14:03:08] Request: POST /add_to_cart.php POST:{"product_id":"7","quantity":"1"}
[2026-01-21 14:03:10] Request: POST /add_to_cart.php POST:{"product_id":"7","quantity":"1"}
[2026-01-21 14:03:54] Request: POST /add_to_cart.php POST:{"product_id":"7","quantity":"1"}
[2026-01-21 14:03:54] Request: POST /add_to_cart.php POST:{"product_id":"7","quantity":"1"}
[2026-01-21 14:03:56] Request: POST /add_to_cart.php POST:{"product_id":"7","quantity":"1"}
[2026-01-21 14:03:56] Request: POST /add_to_cart.php POST:{"product_id":"7","quantity":"1"}
[2026-01-21 14:03:59] Request: POST /add_to_cart.php POST:{"product_id":"4","quantity":"1"}
[2026-01-21 14:04:01] Request: POST /add_to_cart.php POST:{"product_id":"7","quantity":"1"}
[2026-01-21 14:04:03] Request: POST /add_to_cart.php POST:{"product_id":"8","quantity":"1"}
[2026-01-21 14:04:06] Request: POST /add_to_cart.php POST:{"product_id":"8","quantity":"1"}
[2026-01-21 14:04:09] Request: POST /add_to_cart.php POST:{"product_id":"7","quantity":"1"}
[2026-01-21 14:04:11] Request: POST /add_to_cart.php POST:{"product_id":"7","quantity":"1"}
[2026-01-22 15:30:36] Request: POST /add_to_cart.php POST:{"product_id":"8","quantity":"1"}
[2026-01-22 15:30:37] Request: POST /add_to_cart.php POST:{"product_id":"7","quantity":"1"}
[2026-01-22 15:44:14] Request: POST /add_to_cart.php POST:{"product_id":"9","quantity":"1"}
[2026-01-22 15:44:18] Request: POST /add_to_cart.php POST:{"product_id":"8","quantity":"1"}
[2026-01-22 15:44:23] Request: POST /add_to_cart.php POST:{"product_id":"6","quantity":"1"}
[2026-01-22 15:53:43] Request: POST /add_to_cart.php POST:{"product_id":"9","quantity":"1"}
[2026-01-22 15:54:00] Request: POST /add_to_cart.php POST:{"product_id":"8","quantity":"1"}
[2026-01-22 15:54:18] Request: POST /add_to_cart.php POST:{"product_id":"9","quantity":"1"}
